<?xml version="1.0" encoding="UTF-8"?>
<testng-results skipped="0" failed="0" ignored="0" total="0" passed="0">
  <reporter-output>
  </reporter-output>
  <suite name="Google Search Tests" duration-ms="27" started-at="2019-07-07T16:33:53Z" finished-at="2019-07-07T16:33:53Z">
    <groups>
    </groups>
    <test name="Tests on Firefox" duration-ms="27" started-at="2019-07-07T16:33:53Z" finished-at="2019-07-07T16:33:53Z">
    </test> <!-- Tests on Firefox -->
    <test name="Tests on IE11" duration-ms="26" started-at="2019-07-07T16:33:53Z" finished-at="2019-07-07T16:33:53Z">
    </test> <!-- Tests on IE11 -->
    <test name="Tests on Chrome" duration-ms="26" started-at="2019-07-07T16:33:53Z" finished-at="2019-07-07T16:33:53Z">
    </test> <!-- Tests on Chrome -->
  </suite> <!-- Google Search Tests -->
</testng-results>
